Using pre-set license
Built from '2021.3/staging' branch; Version is '2021.3.2f1 (d6360bedb9a0) revision 14038539'; Using compiler version '192829333'; Build Type 'Release'
OS: 'Windows 10  (10.0.19042) 64bit Professional' Language: 'es' Physical Memory: 16326 MB
BatchMode: 1, IsHumanControllingUs: 0, StartBugReporterOnCrash: 0, Is64bit: 1, IsPro: 1

COMMAND LINE ARGUMENTS:
M:\Unity\Inatalls\2021.3.2f1\Editor\Unity.exe
-adb2
-batchMode
-noUpm
-name
AssetImportWorker0
-projectPath
M:/Unity/Projects/XP/Jams/Hades Jam/La-muerte-es-el-principio-/dEATH
-logFile
Logs/AssetImportWorker0.log
-srvPort
63966
Successfully changed project path to: M:/Unity/Projects/XP/Jams/Hades Jam/La-muerte-es-el-principio-/dEATH
M:/Unity/Projects/XP/Jams/Hades Jam/La-muerte-es-el-principio-/dEATH
[UnityMemory] Configuration Parameters - Can be set up in boot.config
    "memorysetup-bucket-allocator-granularity=16"
    "memorysetup-bucket-allocator-bucket-count=8"
    "memorysetup-bucket-allocator-block-size=33554432"
    "memorysetup-bucket-allocator-block-count=8"
    "memorysetup-main-allocator-block-size=16777216"
    "memorysetup-thread-allocator-block-size=16777216"
    "memorysetup-gfx-main-allocator-block-size=16777216"
    "memorysetup-gfx-thread-allocator-block-size=16777216"
    "memorysetup-cache-allocator-block-size=4194304"
    "memorysetup-typetree-allocator-block-size=2097152"
    "memorysetup-profiler-bucket-allocator-granularity=16"
    "memorysetup-profiler-bucket-allocator-bucket-count=8"
    "memorysetup-profiler-bucket-allocator-block-size=33554432"
    "memorysetup-profiler-bucket-allocator-block-count=8"
    "memorysetup-profiler-allocator-block-size=16777216"
    "memorysetup-profiler-editor-allocator-block-size=1048576"
    "memorysetup-temp-allocator-size-main=16777216"
    "memorysetup-job-temp-allocator-block-size=2097152"
    "memorysetup-job-temp-allocator-block-size-background=1048576"
    "memorysetup-job-temp-allocator-reduction-small-platforms=262144"
    "memorysetup-temp-allocator-size-background-worker=32768"
    "memorysetup-temp-allocator-size-job-worker=262144"
    "memorysetup-temp-allocator-size-preload-manager=33554432"
    "memorysetup-temp-allocator-size-nav-mesh-worker=65536"
    "memorysetup-temp-allocator-size-audio-worker=65536"
    "memorysetup-temp-allocator-size-cloud-worker=32768"
    "memorysetup-temp-allocator-size-gi-baking-worker=262144"
    "memorysetup-temp-allocator-size-gfx=262144"
Default GameObject BitMask: roomPlaced already registered
Refreshing native plugins compatible for Editor in 106.57 ms, found 3 plugins.
Preloading 0 native plugins for Editor in 0.00 ms.
Initialize engine version: 2021.3.2f1 (d6360bedb9a0)
[Subsystems] Discovering subsystems at path M:/Unity/Inatalls/2021.3.2f1/Editor/Data/Resources/UnitySubsystems
[Subsystems] Discovering subsystems at path M:/Unity/Projects/XP/Jams/Hades Jam/La-muerte-es-el-principio-/dEATH/Assets
GfxDevice: creating device client; threaded=0; jobified=0
Direct3D:
    Version:  Direct3D 11.0 [level 11.1]
    Renderer: NVIDIA GeForce GTX 1660 (ID=0x2184)
    Vendor:   NVIDIA
    VRAM:     5991 MB
    Driver:   30.0.14.9709
Initialize mono
Mono path[0] = 'M:/Unity/Inatalls/2021.3.2f1/Editor/Data/Managed'
Mono path[1] = 'M:/Unity/Inatalls/2021.3.2f1/Editor/Data/MonoBleedingEdge/lib/mono/unityjit-win32'
Mono config path = 'M:/Unity/Inatalls/2021.3.2f1/Editor/Data/MonoBleedingEdge/etc'
Using monoOptions --debugger-agent=transport=dt_socket,embedding=1,server=y,suspend=n,address=127.0.0.1:56824
Begin MonoManager ReloadAssembly
Registering precompiled unity dll's ...
Register platform support module: M:/Unity/Inatalls/2021.3.2f1/Editor/Data/PlaybackEngines/WebGLSupport/UnityEditor.WebGL.Extensions.dll
Register platform support module: M:/Unity/Inatalls/2021.3.2f1/Editor/Data/PlaybackEngines/MacStandaloneSupport/UnityEditor.OSXStandalone.Extensions.dll
Register platform support module: M:/Unity/Inatalls/2021.3.2f1/Editor/Data/PlaybackEngines/WindowsStandaloneSupport/UnityEditor.WindowsStandalone.Extensions.dll
Registered in 0.004518 seconds.
Native extension for WindowsStandalone target not found
Native extension for OSXStandalone target not found
Native extension for WebGL target not found
Refreshing native plugins compatible for Editor in 105.48 ms, found 3 plugins.
Preloading 0 native plugins for Editor in 0.00 ms.
Mono: successfully reloaded assembly
- Completed reload, in  0.788 seconds
Domain Reload Profiling:
	ReloadAssembly (789ms)
		BeginReloadAssembly (122ms)
			ExecutionOrderSort (0ms)
			DisableScriptedObjects (0ms)
			BackupInstance (0ms)
			ReleaseScriptingObjects (0ms)
			CreateAndSetChildDomain (1ms)
		EndReloadAssembly (558ms)
			LoadAssemblies (122ms)
			RebuildTransferFunctionScriptingTraits (0ms)
			SetupTypeCache (112ms)
			ReleaseScriptCaches (0ms)
			RebuildScriptCaches (30ms)
			SetupLoadedEditorAssemblies (367ms)
				LogAssemblyErrors (0ms)
				InitializePlatformSupportModulesInManaged (10ms)
				SetLoadedEditorAssemblies (0ms)
				RefreshPlugins (106ms)
				BeforeProcessingInitializeOnLoad (1ms)
				ProcessInitializeOnLoadAttributes (194ms)
				ProcessInitializeOnLoadMethodAttributes (56ms)
				AfterProcessingInitializeOnLoad (0ms)
				EditorAssembliesLoaded (0ms)
			ExecutionOrderSort2 (0ms)
			AwakeInstancesAfterBackupRestoration (0ms)
Platform modules already initialized, skipping
Registering precompiled user dll's ...
Registered in 0.005969 seconds.
Begin MonoManager ReloadAssembly
Symbol file LoadedFromMemory doesn't match image M:\Unity\Projects\XP\Jams\Hades Jam\La-muerte-es-el-principio-\dEATH\Library\PackageCache\com.unity.visualscripting@1.7.6\Editor\VisualScripting.Core\Dependencies\YamlDotNet\Unity.VisualScripting.YamlDotNet.dll
Symbol file LoadedFromMemory doesn't match image M:\Unity\Projects\XP\Jams\Hades Jam\La-muerte-es-el-principio-\dEATH\Library\PackageCache\com.unity.visualscripting@1.7.6\Editor\VisualScripting.Core\Dependencies\DotNetZip\Unity.VisualScripting.IonicZip.dll
Native extension for WindowsStandalone target not found
Native extension for OSXStandalone target not found
Native extension for WebGL target not found
Refreshing native plugins compatible for Editor in 103.63 ms, found 3 plugins.
Preloading 0 native plugins for Editor in 0.00 ms.
Mono: successfully reloaded assembly
- Completed reload, in  5.987 seconds
Domain Reload Profiling:
	ReloadAssembly (5988ms)
		BeginReloadAssembly (2312ms)
			ExecutionOrderSort (0ms)
			DisableScriptedObjects (6ms)
			BackupInstance (0ms)
			ReleaseScriptingObjects (0ms)
			CreateAndSetChildDomain (19ms)
		EndReloadAssembly (3054ms)
			LoadAssemblies (2633ms)
			RebuildTransferFunctionScriptingTraits (0ms)
			SetupTypeCache (899ms)
			ReleaseScriptCaches (1ms)
			RebuildScriptCaches (64ms)
			SetupLoadedEditorAssemblies (1622ms)
				LogAssemblyErrors (0ms)
				InitializePlatformSupportModulesInManaged (7ms)
				SetLoadedEditorAssemblies (0ms)
				RefreshPlugins (104ms)
				BeforeProcessingInitializeOnLoad (110ms)
				ProcessInitializeOnLoadAttributes (1310ms)
				ProcessInitializeOnLoadMethodAttributes (88ms)
				AfterProcessingInitializeOnLoad (3ms)
				EditorAssembliesLoaded (0ms)
			ExecutionOrderSort2 (0ms)
			AwakeInstancesAfterBackupRestoration (7ms)
Platform modules already initialized, skipping
========================================================================
Worker process is ready to serve import requests
Default GameObject BitMask: roomPlaced already registered
Launched and connected shader compiler UnityShaderCompiler.exe after 0.20 seconds
Refreshing native plugins compatible for Editor in 0.90 ms, found 3 plugins.
Preloading 0 native plugins for Editor in 0.00 ms.
Unloading 4528 Unused Serialized files (Serialized files now loaded: 0)
Unloading 42 unused Assets / (185.6 KB). Loaded Objects now: 4999.
Memory consumption went from 163.6 MB to 163.4 MB.
Total: 6.636100 ms (FindLiveObjects: 0.863300 ms CreateObjectMapping: 0.440400 ms MarkObjects: 4.778600 ms  DeleteObjects: 0.552100 ms)

AssetImportParameters requested are different than current active one (requested -> active):
  custom:video-decoder-ogg-theora: a1e56fd34408186e4bbccfd4996cb3dc -> 
  custom:container-muxer-webm: aa71ff27fc2769a1b78a27578f13a17b -> 
  custom:container-demuxer-webm: 4f35f7cbe854078d1ac9338744f61a02 -> 
  custom:video-encoder-webm-vp8: eb34c28f22e8b96e1ab97ce403110664 -> 
  custom:audio-encoder-webm-vorbis: bf7c407c2cedff20999df2af8eb42d56 -> 
  custom:framework-win-MediaFoundation: 216162199b28c13a410421893ffa2e32 -> 
  custom:container-demuxer-ogg: 62fdf1f143b41e24485cea50d1cbac27 -> 
  custom:video-decoder-webm-vp8: 9c59270c3fd7afecdb556c50c9e8de78 -> 
  custom:audio-decoder-ogg-vorbis: bf7c407c2cedff20999df2af8eb42d56 -> 
========================================================================
Received Prepare
Default GameObject BitMask: roomPlaced already registered
Registering precompiled user dll's ...
Registered in 0.006118 seconds.
Begin MonoManager ReloadAssembly
Symbol file LoadedFromMemory doesn't match image M:\Unity\Projects\XP\Jams\Hades Jam\La-muerte-es-el-principio-\dEATH\Library\PackageCache\com.unity.visualscripting@1.7.6\Editor\VisualScripting.Core\Dependencies\YamlDotNet\Unity.VisualScripting.YamlDotNet.dll
Symbol file LoadedFromMemory doesn't match image M:\Unity\Projects\XP\Jams\Hades Jam\La-muerte-es-el-principio-\dEATH\Library\PackageCache\com.unity.visualscripting@1.7.6\Editor\VisualScripting.Core\Dependencies\DotNetZip\Unity.VisualScripting.IonicZip.dll
Native extension for WindowsStandalone target not found
Native extension for OSXStandalone target not found
Native extension for WebGL target not found
Refreshing native plugins compatible for Editor in 0.75 ms, found 3 plugins.
Preloading 0 native plugins for Editor in 0.00 ms.
Mono: successfully reloaded assembly
- Completed reload, in  1.088 seconds
Domain Reload Profiling:
	ReloadAssembly (1089ms)
		BeginReloadAssembly (147ms)
			ExecutionOrderSort (0ms)
			DisableScriptedObjects (6ms)
			BackupInstance (0ms)
			ReleaseScriptingObjects (0ms)
			CreateAndSetChildDomain (36ms)
		EndReloadAssembly (853ms)
			LoadAssemblies (99ms)
			RebuildTransferFunctionScriptingTraits (0ms)
			SetupTypeCache (275ms)
			ReleaseScriptCaches (1ms)
			RebuildScriptCaches (44ms)
			SetupLoadedEditorAssemblies (413ms)
				LogAssemblyErrors (0ms)
				InitializePlatformSupportModulesInManaged (13ms)
				SetLoadedEditorAssemblies (0ms)
				RefreshPlugins (1ms)
				BeforeProcessingInitializeOnLoad (81ms)
				ProcessInitializeOnLoadAttributes (245ms)
				ProcessInitializeOnLoadMethodAttributes (68ms)
				AfterProcessingInitializeOnLoad (3ms)
				EditorAssembliesLoaded (0ms)
			ExecutionOrderSort2 (0ms)
			AwakeInstancesAfterBackupRestoration (6ms)
Platform modules already initialized, skipping
Refreshing native plugins compatible for Editor in 1.78 ms, found 3 plugins.
Preloading 0 native plugins for Editor in 0.00 ms.
Unloading 4507 Unused Serialized files (Serialized files now loaded: 0)
Unloading 23 unused Assets / (153.8 KB). Loaded Objects now: 5014.
Memory consumption went from 162.5 MB to 162.4 MB.
Total: 3.069200 ms (FindLiveObjects: 0.328000 ms CreateObjectMapping: 0.203000 ms MarkObjects: 2.429200 ms  DeleteObjects: 0.108000 ms)

AssetImportParameters requested are different than current active one (requested -> active):
  custom:video-decoder-ogg-theora: a1e56fd34408186e4bbccfd4996cb3dc -> 
  custom:container-muxer-webm: aa71ff27fc2769a1b78a27578f13a17b -> 
  custom:container-demuxer-webm: 4f35f7cbe854078d1ac9338744f61a02 -> 
  custom:video-encoder-webm-vp8: eb34c28f22e8b96e1ab97ce403110664 -> 
  custom:audio-encoder-webm-vorbis: bf7c407c2cedff20999df2af8eb42d56 -> 
  custom:framework-win-MediaFoundation: 216162199b28c13a410421893ffa2e32 -> 
  custom:container-demuxer-ogg: 62fdf1f143b41e24485cea50d1cbac27 -> 
  custom:video-decoder-webm-vp8: 9c59270c3fd7afecdb556c50c9e8de78 -> 
  custom:audio-decoder-ogg-vorbis: bf7c407c2cedff20999df2af8eb42d56 -> 
========================================================================
Received Import Request.
  Time since last request: 68903.385323 seconds.
  path: Assets/Prefabs/Env/chest.prefab
  artifactKey: Guid(6c8cb7c83ff73524da08fe3a6dad295a) Importer(815301076,1909f56bfc062723c751e8b465ee728b)
Start importing Assets/Prefabs/Env/chest.prefab using Guid(6c8cb7c83ff73524da08fe3a6dad295a) Importer(815301076,1909f56bfc062723c751e8b465ee728b)  -> (artifact id: '559bdc8a9e0f30175380fa8c95e05c86') in 0.202226 seconds 
========================================================================
Received Import Request.
  Time since last request: 0.000020 seconds.
  path: Assets/Prefabs/Env/tallrok.prefab
  artifactKey: Guid(1c352664d970e47459dd4d313d7f4d13) Importer(815301076,1909f56bfc062723c751e8b465ee728b)
Start importing Assets/Prefabs/Env/tallrok.prefab using Guid(1c352664d970e47459dd4d313d7f4d13) Importer(815301076,1909f56bfc062723c751e8b465ee728b)  -> (artifact id: '1e52f07f6e1f1c0d401f29d522cea61d') in 0.047482 seconds 
========================================================================
Received Import Request.
  Time since last request: 0.000022 seconds.
  path: Assets/Prefabs/Env/mumro.prefab
  artifactKey: Guid(65972e634fd14f249aede049e68de617) Importer(815301076,1909f56bfc062723c751e8b465ee728b)
Start importing Assets/Prefabs/Env/mumro.prefab using Guid(65972e634fd14f249aede049e68de617) Importer(815301076,1909f56bfc062723c751e8b465ee728b)  -> (artifact id: '893d1e3105e8ff07542281fdbad481cb') in 0.060143 seconds 
========================================================================
Received Import Request.
  Time since last request: 0.000038 seconds.
  path: Assets/Prefabs/Env/piso rectangular.prefab
  artifactKey: Guid(86ea17e733e591e4cb062173a34e8665) Importer(815301076,1909f56bfc062723c751e8b465ee728b)
Start importing Assets/Prefabs/Env/piso rectangular.prefab using Guid(86ea17e733e591e4cb062173a34e8665) Importer(815301076,1909f56bfc062723c751e8b465ee728b)  -> (artifact id: '1f670cfc7a05536ba00d2e4e8eea1f40') in 0.038874 seconds 
========================================================================
Received Import Request.
  Time since last request: 0.000016 seconds.
  path: Assets/Prefabs/Env/trirok 1.prefab
  artifactKey: Guid(38162912c54f68b409cc20aa4d5699cb) Importer(815301076,1909f56bfc062723c751e8b465ee728b)
Start importing Assets/Prefabs/Env/trirok 1.prefab using Guid(38162912c54f68b409cc20aa4d5699cb) Importer(815301076,1909f56bfc062723c751e8b465ee728b)  -> (artifact id: '1635edfcd0f9bdefb6ac7d33df1260ad') in 0.037766 seconds 
========================================================================
Received Import Request.
  Time since last request: 0.000021 seconds.
  path: Assets/Prefabs/Env/wall1.prefab
  artifactKey: Guid(96cef9c885c7502418ab52761e602b17) Importer(815301076,1909f56bfc062723c751e8b465ee728b)
Start importing Assets/Prefabs/Env/wall1.prefab using Guid(96cef9c885c7502418ab52761e602b17) Importer(815301076,1909f56bfc062723c751e8b465ee728b)  -> (artifact id: '13ab2fe4e3e70b787a3dd3ef197691c4') in 0.187782 seconds 
========================================================================
Received Import Request.
  Time since last request: 0.000029 seconds.
  path: Assets/Prefabs/Env/birock big.prefab
  artifactKey: Guid(3af7d15e4ad98ce4da3bc65430527d7c) Importer(815301076,1909f56bfc062723c751e8b465ee728b)
Start importing Assets/Prefabs/Env/birock big.prefab using Guid(3af7d15e4ad98ce4da3bc65430527d7c) Importer(815301076,1909f56bfc062723c751e8b465ee728b)  -> (artifact id: '303e916b88230e87cc18c7e55a4c1c82') in 0.071535 seconds 
========================================================================
Received Import Request.
  Time since last request: 0.000023 seconds.
  path: Assets/Prefabs/Env/wall2.prefab
  artifactKey: Guid(c0e9f8cfa73fab34fb255cf09b52b8f4) Importer(815301076,1909f56bfc062723c751e8b465ee728b)
Start importing Assets/Prefabs/Env/wall2.prefab using Guid(c0e9f8cfa73fab34fb255cf09b52b8f4) Importer(815301076,1909f56bfc062723c751e8b465ee728b)  -> (artifact id: '71f544619435215c6de153c1ac20dd94') in 0.035242 seconds 
========================================================================
Received Import Request.
  Time since last request: 0.000019 seconds.
  path: Assets/Prefabs/Env/piso 1.prefab
  artifactKey: Guid(fa5639372f2f17e40b5d79ea2e60fe5a) Importer(815301076,1909f56bfc062723c751e8b465ee728b)
Start importing Assets/Prefabs/Env/piso 1.prefab using Guid(fa5639372f2f17e40b5d79ea2e60fe5a) Importer(815301076,1909f56bfc062723c751e8b465ee728b)  -> (artifact id: '75db902616fa495005e3004b95468fcb') in 0.030767 seconds 
========================================================================
Received Import Request.
  Time since last request: 0.000024 seconds.
  path: Assets/Prefabs/Env/piso.prefab
  artifactKey: Guid(afe638f48431a3645ac82429b1b61e3a) Importer(815301076,1909f56bfc062723c751e8b465ee728b)
Start importing Assets/Prefabs/Env/piso.prefab using Guid(afe638f48431a3645ac82429b1b61e3a) Importer(815301076,1909f56bfc062723c751e8b465ee728b)  -> (artifact id: '29fbe16f1070702f648a5ac750667e7a') in 0.024195 seconds 
========================================================================
Received Import Request.
  Time since last request: 0.000016 seconds.
  path: Assets/Prefabs/Env/burnerwall.prefab
  artifactKey: Guid(6910aeee3b166114cbc96523329d46cc) Importer(815301076,1909f56bfc062723c751e8b465ee728b)
Start importing Assets/Prefabs/Env/burnerwall.prefab using Guid(6910aeee3b166114cbc96523329d46cc) Importer(815301076,1909f56bfc062723c751e8b465ee728b)  -> (artifact id: '368d14545508458c37f127adc8da410f') in 0.035693 seconds 
========================================================================
Received Import Request.
  Time since last request: 0.000019 seconds.
  path: Assets/Prefabs/Env/pilar.prefab
  artifactKey: Guid(9af427fb6592c6242baf581cbee2abb0) Importer(815301076,1909f56bfc062723c751e8b465ee728b)
Start importing Assets/Prefabs/Env/pilar.prefab using Guid(9af427fb6592c6242baf581cbee2abb0) Importer(815301076,1909f56bfc062723c751e8b465ee728b)  -> (artifact id: '078d501d22c896232bb630e727be9555') in 0.041594 seconds 
========================================================================
Received Import Request.
  Time since last request: 0.000022 seconds.
  path: Assets/Prefabs/Env/wallcompleteUV.prefab
  artifactKey: Guid(4b203013c759e7d4a942ca1f81238854) Importer(815301076,1909f56bfc062723c751e8b465ee728b)
Start importing Assets/Prefabs/Env/wallcompleteUV.prefab using Guid(4b203013c759e7d4a942ca1f81238854) Importer(815301076,1909f56bfc062723c751e8b465ee728b)  -> (artifact id: '464e5671704f9418be59a115b3bc468b') in 0.039228 seconds 
========================================================================
Received Prepare
Default GameObject BitMask: roomPlaced already registered
Refreshing native plugins compatible for Editor in 5.54 ms, found 3 plugins.
Preloading 0 native plugins for Editor in 0.00 ms.
Unloading 23 Unused Serialized files (Serialized files now loaded: 0)
Unloading 23 unused Assets / (150.3 KB). Loaded Objects now: 5021.
Memory consumption went from 79.1 MB to 78.9 MB.
Total: 3.336100 ms (FindLiveObjects: 0.332000 ms CreateObjectMapping: 0.225300 ms MarkObjects: 2.672100 ms  DeleteObjects: 0.105900 ms)

AssetImportParameters requested are different than current active one (requested -> active):
  custom:video-decoder-ogg-theora: a1e56fd34408186e4bbccfd4996cb3dc -> 
  custom:container-muxer-webm: aa71ff27fc2769a1b78a27578f13a17b -> 
  custom:container-demuxer-webm: 4f35f7cbe854078d1ac9338744f61a02 -> 
  custom:video-encoder-webm-vp8: eb34c28f22e8b96e1ab97ce403110664 -> 
  custom:audio-encoder-webm-vorbis: bf7c407c2cedff20999df2af8eb42d56 -> 
  custom:framework-win-MediaFoundation: 216162199b28c13a410421893ffa2e32 -> 
  custom:container-demuxer-ogg: 62fdf1f143b41e24485cea50d1cbac27 -> 
  custom:video-decoder-webm-vp8: 9c59270c3fd7afecdb556c50c9e8de78 -> 
  custom:audio-decoder-ogg-vorbis: bf7c407c2cedff20999df2af8eb42d56 -> 
